Drill report for dc_shield.kicad_pcb
Created on 2025-03-25T20:35:48+0000

Copper Layer Stackup:
    =============================================================
    L1 :  F.Cu                      front
    L2 :  In1.Cu                    in1
    L3 :  In2.Cu                    in2
    L4 :  B.Cu                      back


Drill file 'dc_shield-PTH.drl' contains
    plated through holes:
    =============================================================
    T1  0.400mm  0.0157"  (51 holes)
    T2  1.000mm  0.0394"  (35 holes)
    T3  1.150mm  0.0453"  (12 holes)

    Total plated holes count 98


Drill file 'dc_shield-NPTH.drl' contains
    unplated through holes:
    =============================================================
    T1  3.200mm  0.1260"  (4 holes)

    Total unplated holes count 4
